# Logfile created on 2023-03-09 18:38:06 -0600 by logger.rb/v1.4.2
D, [2023-03-09T18:38:06.911648 #5156] DEBUG -- Pubnub::Telementry: Initialized Telemetry
D, [2023-03-09T18:38:06.911836 #5156] DEBUG -- Pubnub::Client: Created new Pubnub::Client instance. Version: 5.2.1
D, [2023-03-09T18:38:06.913316 #5156] DEBUG -- Pubnub::Telemetry: Fetching telemetry for l_pub
D, [2023-03-09T18:38:06.913471 #5156] DEBUG -- Pubnub::Event: Initialized Pubnub::Publish
D, [2023-03-09T18:38:06.915264 #5156] DEBUG -- Pubnub::Publish: Fired event Pubnub::Publish
D, [2023-03-09T18:38:06.915346 #5156] DEBUG -- Pubnub::Event: #send_request called
D, [2023-03-09T18:38:06.915373 #5156] DEBUG -- Pubnub::SingleEvent: #request_dispatcher called
D, [2023-03-09T18:38:06.915397 #5156] DEBUG -- Pubnub::Client: Looking for requester for async single_event
D, [2023-03-09T18:38:06.921713 #5156] DEBUG -- Pubnub::Event: #send_request got sender
D, [2023-03-09T18:38:06.925828 #5156] DEBUG -- Pubnub::Event: Requested URI: http://ps.pndsn.com/publish/pub-c-ebd529c1-b353-4bf0-ad9e-2cad24822c77/sub-c-59f77cc3-0318-40e5-9c19-3e6e16c9414d/0/recipe/0/%7B%22recipe%22%3A%7B%22id%22%3A171%2C%22title%22%3A%22TEst%20recipe%22%2C%22image%22%3A%22%22%2C%22category%22%3A%22%22%2C%22origin%22%3A%22%22%2C%22directions%22%3A%22%22%2C%22ing1%22%3A%221%22%2C%22ing2%22%3A%22%22%2C%22ing3%22%3A%22%22%2C%22ing4%22%3A%22%22%2C%22ing5%22%3A%22%22%2C%22ing6%22%3A%22%22%2C%22ing7%22%3A%22%22%2C%22ing8%22%3A%22%22%2C%22ing9%22%3A%22%22%2C%22ing10%22%3A%22%22%2C%22ing11%22%3A%22%22%2C%22ing12%22%3A%22%22%2C%22ing13%22%3A%22%22%2C%22ing14%22%3A%22%22%2C%22ing15%22%3A%22%22%2C%22ing16%22%3A%22%22%2C%22ing17%22%3A%22%22%2C%22ing18%22%3A%22%22%2C%22ing19%22%3A%22%22%2C%22ing20%22%3A%22%22%2C%22meas1%22%3A%221%22%2C%22meas2%22%3A%22%22%2C%22meas3%22%3A%22%22%2C%22meas4%22%3A%22%22%2C%22meas5%22%3A%22%22%2C%22meas6%22%3A%22%22%2C%22meas7%22%3A%22%22%2C%22meas8%22%3A%22%22%2C%22meas9%22%3A%22%22%2C%22meas10%22%3A%22%22%2C%22meas11%22%3A%22%22%2C%22meas12%22%3A%22%22%2C%22meas13%22%3A%22%22%2C%22meas14%22%3A%22%22%2C%22meas15%22%3A%22%22%2C%22meas16%22%3A%22%22%2C%22meas17%22%3A%22%22%2C%22meas18%22%3A%22%22%2C%22meas19%22%3A%22%22%2C%22meas20%22%3A%22%22%2C%22created_at%22%3A%222023-03-10T00%3A38%3A06.886Z%22%2C%22updated_at%22%3A%222023-03-10T00%3A38%3A06.886Z%22%7D%7D?ortt=%7B%22t%22%3A16784086869135348%7D&pnsdk=PubNub-Ruby%2F5.2.1&seqn=1&uuid=myUniqueUUID
D, [2023-03-09T18:38:07.031128 #5156] DEBUG -- Pubnub::Event: Event#handle
D, [2023-03-09T18:38:07.031444 #5156] DEBUG -- Pubnub::Event: Firing callbacks for Pubnub::Publish
D, [2023-03-09T18:39:22.344974 #5156] DEBUG -- Pubnub::Telementry: Initialized Telemetry
D, [2023-03-09T18:39:22.345080 #5156] DEBUG -- Pubnub::Client: Created new Pubnub::Client instance. Version: 5.2.1
D, [2023-03-09T18:39:22.346508 #5156] DEBUG -- Pubnub::Telemetry: Fetching telemetry for l_pub
D, [2023-03-09T18:39:22.346726 #5156] DEBUG -- Pubnub::Event: Initialized Pubnub::Publish
D, [2023-03-09T18:39:22.347692 #5156] DEBUG -- Pubnub::Publish: Fired event Pubnub::Publish
D, [2023-03-09T18:39:22.347754 #5156] DEBUG -- Pubnub::Event: #send_request called
D, [2023-03-09T18:39:22.350004 #5156] DEBUG -- Pubnub::SingleEvent: #request_dispatcher called
D, [2023-03-09T18:39:22.350101 #5156] DEBUG -- Pubnub::Client: Looking for requester for async single_event
D, [2023-03-09T18:39:22.350297 #5156] DEBUG -- Pubnub::Event: #send_request got sender
D, [2023-03-09T18:39:22.353214 #5156] DEBUG -- Pubnub::Event: Requested URI: http://ps.pndsn.com/publish/pub-c-ebd529c1-b353-4bf0-ad9e-2cad24822c77/sub-c-59f77cc3-0318-40e5-9c19-3e6e16c9414d/0/recipe/0/%7B%22recipe%22%3A%7B%22id%22%3A172%2C%22title%22%3A%22Gumbo%22%2C%22image%22%3A%22%22%2C%22category%22%3A%22%22%2C%22origin%22%3A%22%22%2C%22directions%22%3A%22%22%2C%22ing1%22%3A%221%22%2C%22ing2%22%3A%22%22%2C%22ing3%22%3A%22%22%2C%22ing4%22%3A%22%22%2C%22ing5%22%3A%22%22%2C%22ing6%22%3A%22%22%2C%22ing7%22%3A%22%22%2C%22ing8%22%3A%22%22%2C%22ing9%22%3A%22%22%2C%22ing10%22%3A%22%22%2C%22ing11%22%3A%22%22%2C%22ing12%22%3A%22%22%2C%22ing13%22%3A%22%22%2C%22ing14%22%3A%22%22%2C%22ing15%22%3A%22%22%2C%22ing16%22%3A%22%22%2C%22ing17%22%3A%22%22%2C%22ing18%22%3A%22%22%2C%22ing19%22%3A%22%22%2C%22ing20%22%3A%22%22%2C%22meas1%22%3A%221%22%2C%22meas2%22%3A%22%22%2C%22meas3%22%3A%22%22%2C%22meas4%22%3A%22%22%2C%22meas5%22%3A%22%22%2C%22meas6%22%3A%22%22%2C%22meas7%22%3A%22%22%2C%22meas8%22%3A%22%22%2C%22meas9%22%3A%22%22%2C%22meas10%22%3A%22%22%2C%22meas11%22%3A%22%22%2C%22meas12%22%3A%22%22%2C%22meas13%22%3A%22%22%2C%22meas14%22%3A%22%22%2C%22meas15%22%3A%22%22%2C%22meas16%22%3A%22%22%2C%22meas17%22%3A%22%22%2C%22meas18%22%3A%22%22%2C%22meas19%22%3A%22%22%2C%22meas20%22%3A%22%22%2C%22created_at%22%3A%222023-03-10T00%3A39%3A22.323Z%22%2C%22updated_at%22%3A%222023-03-10T00%3A39%3A22.323Z%22%7D%7D?ortt=%7B%22t%22%3A16784087623467898%7D&pnsdk=PubNub-Ruby%2F5.2.1&seqn=1&uuid=myUniqueUUID
D, [2023-03-09T18:39:22.444606 #5156] DEBUG -- Pubnub::Event: Event#handle
D, [2023-03-09T18:39:22.444922 #5156] DEBUG -- Pubnub::Event: Firing callbacks for Pubnub::Publish
D, [2023-03-09T18:40:27.299745 #5156] DEBUG -- Pubnub::Telementry: Initialized Telemetry
D, [2023-03-09T18:40:27.299876 #5156] DEBUG -- Pubnub::Client: Created new Pubnub::Client instance. Version: 5.2.1
D, [2023-03-09T18:40:27.300660 #5156] DEBUG -- Pubnub::Telemetry: Fetching telemetry for l_pub
D, [2023-03-09T18:40:27.300905 #5156] DEBUG -- Pubnub::Event: Initialized Pubnub::Publish
D, [2023-03-09T18:40:27.301983 #5156] DEBUG -- Pubnub::Publish: Fired event Pubnub::Publish
D, [2023-03-09T18:40:27.302040 #5156] DEBUG -- Pubnub::Event: #send_request called
D, [2023-03-09T18:40:27.302544 #5156] DEBUG -- Pubnub::SingleEvent: #request_dispatcher called
D, [2023-03-09T18:40:27.302580 #5156] DEBUG -- Pubnub::Client: Looking for requester for async single_event
D, [2023-03-09T18:40:27.302783 #5156] DEBUG -- Pubnub::Event: #send_request got sender
D, [2023-03-09T18:40:27.304250 #5156] DEBUG -- Pubnub::Event: Requested URI: http://ps.pndsn.com/publish/pub-c-ebd529c1-b353-4bf0-ad9e-2cad24822c77/sub-c-59f77cc3-0318-40e5-9c19-3e6e16c9414d/0/recipe/0/%7B%22recipe%22%3A%7B%22id%22%3A173%2C%22title%22%3A%22TEst%20rice%22%2C%22image%22%3A%22%22%2C%22category%22%3A%22%22%2C%22origin%22%3A%22%22%2C%22directions%22%3A%22%22%2C%22ing1%22%3A%221%22%2C%22ing2%22%3A%22%22%2C%22ing3%22%3A%22%22%2C%22ing4%22%3A%22%22%2C%22ing5%22%3A%22%22%2C%22ing6%22%3A%22%22%2C%22ing7%22%3A%22%22%2C%22ing8%22%3A%22%22%2C%22ing9%22%3A%22%22%2C%22ing10%22%3A%22%22%2C%22ing11%22%3A%22%22%2C%22ing12%22%3A%22%22%2C%22ing13%22%3A%22%22%2C%22ing14%22%3A%22%22%2C%22ing15%22%3A%22%22%2C%22ing16%22%3A%22%22%2C%22ing17%22%3A%22%22%2C%22ing18%22%3A%22%22%2C%22ing19%22%3A%22%22%2C%22ing20%22%3A%22%22%2C%22meas1%22%3A%221%22%2C%22meas2%22%3A%22%22%2C%22meas3%22%3A%22%22%2C%22meas4%22%3A%22%22%2C%22meas5%22%3A%22%22%2C%22meas6%22%3A%22%22%2C%22meas7%22%3A%22%22%2C%22meas8%22%3A%22%22%2C%22meas9%22%3A%22%22%2C%22meas10%22%3A%22%22%2C%22meas11%22%3A%22%22%2C%22meas12%22%3A%22%22%2C%22meas13%22%3A%22%22%2C%22meas14%22%3A%22%22%2C%22meas15%22%3A%22%22%2C%22meas16%22%3A%22%22%2C%22meas17%22%3A%22%22%2C%22meas18%22%3A%22%22%2C%22meas19%22%3A%22%22%2C%22meas20%22%3A%22%22%2C%22created_at%22%3A%222023-03-10T00%3A40%3A27.285Z%22%2C%22updated_at%22%3A%222023-03-10T00%3A40%3A27.285Z%22%7D%7D?ortt=%7B%22t%22%3A16784088273009510%7D&pnsdk=PubNub-Ruby%2F5.2.1&seqn=1&uuid=myUniqueUUID
D, [2023-03-09T18:40:27.424524 #5156] DEBUG -- Pubnub::Event: Event#handle
D, [2023-03-09T18:40:27.424905 #5156] DEBUG -- Pubnub::Event: Firing callbacks for Pubnub::Publish
D, [2023-03-09T18:41:35.998714 #5156] DEBUG -- Pubnub::Telementry: Initialized Telemetry
D, [2023-03-09T18:41:35.998810 #5156] DEBUG -- Pubnub::Client: Created new Pubnub::Client instance. Version: 5.2.1
D, [2023-03-09T18:41:35.999166 #5156] DEBUG -- Pubnub::Telemetry: Fetching telemetry for l_pub
D, [2023-03-09T18:41:35.999426 #5156] DEBUG -- Pubnub::Event: Initialized Pubnub::Publish
D, [2023-03-09T18:41:36.000392 #5156] DEBUG -- Pubnub::Publish: Fired event Pubnub::Publish
D, [2023-03-09T18:41:36.000466 #5156] DEBUG -- Pubnub::Event: #send_request called
D, [2023-03-09T18:41:36.000778 #5156] DEBUG -- Pubnub::SingleEvent: #request_dispatcher called
D, [2023-03-09T18:41:36.000829 #5156] DEBUG -- Pubnub::Client: Looking for requester for async single_event
D, [2023-03-09T18:41:36.001022 #5156] DEBUG -- Pubnub::Event: #send_request got sender
D, [2023-03-09T18:41:36.003910 #5156] DEBUG -- Pubnub::Event: Requested URI: http://ps.pndsn.com/publish/pub-c-ebd529c1-b353-4bf0-ad9e-2cad24822c77/sub-c-59f77cc3-0318-40e5-9c19-3e6e16c9414d/0/recipe/0/%7B%22recipe%22%3A%7B%22id%22%3A174%2C%22title%22%3A%22Test%20rice%202%22%2C%22image%22%3A%22%22%2C%22category%22%3A%22%22%2C%22origin%22%3A%22%22%2C%22directions%22%3A%22%22%2C%22ing1%22%3A%221%22%2C%22ing2%22%3A%22%22%2C%22ing3%22%3A%22%22%2C%22ing4%22%3A%22%22%2C%22ing5%22%3A%22%22%2C%22ing6%22%3A%22%22%2C%22ing7%22%3A%22%22%2C%22ing8%22%3A%22%22%2C%22ing9%22%3A%22%22%2C%22ing10%22%3A%22%22%2C%22ing11%22%3A%22%22%2C%22ing12%22%3A%22%22%2C%22ing13%22%3A%22%22%2C%22ing14%22%3A%22%22%2C%22ing15%22%3A%22%22%2C%22ing16%22%3A%22%22%2C%22ing17%22%3A%22%22%2C%22ing18%22%3A%22%22%2C%22ing19%22%3A%22%22%2C%22ing20%22%3A%22%22%2C%22meas1%22%3A%221%22%2C%22meas2%22%3A%22%22%2C%22meas3%22%3A%22%22%2C%22meas4%22%3A%22%22%2C%22meas5%22%3A%22%22%2C%22meas6%22%3A%22%22%2C%22meas7%22%3A%22%22%2C%22meas8%22%3A%22%22%2C%22meas9%22%3A%22%22%2C%22meas10%22%3A%22%22%2C%22meas11%22%3A%22%22%2C%22meas12%22%3A%22%22%2C%22meas13%22%3A%22%22%2C%22meas14%22%3A%22%22%2C%22meas15%22%3A%22%22%2C%22meas16%22%3A%22%22%2C%22meas17%22%3A%22%22%2C%22meas18%22%3A%22%22%2C%22meas19%22%3A%22%22%2C%22meas20%22%3A%22%22%2C%22created_at%22%3A%222023-03-10T00%3A41%3A35.984Z%22%2C%22updated_at%22%3A%222023-03-10T00%3A41%3A35.984Z%22%7D%7D?ortt=%7B%22t%22%3A16784088959994870%7D&pnsdk=PubNub-Ruby%2F5.2.1&seqn=1&uuid=myUniqueUUID
D, [2023-03-09T18:41:36.094902 #5156] DEBUG -- Pubnub::Event: Event#handle
D, [2023-03-09T18:41:36.095192 #5156] DEBUG -- Pubnub::Event: Firing callbacks for Pubnub::Publish
D, [2023-03-09T18:42:52.382238 #5156] DEBUG -- Pubnub::Telementry: Initialized Telemetry
D, [2023-03-09T18:42:52.382344 #5156] DEBUG -- Pubnub::Client: Created new Pubnub::Client instance. Version: 5.2.1
D, [2023-03-09T18:42:52.382928 #5156] DEBUG -- Pubnub::Telemetry: Fetching telemetry for l_pub
D, [2023-03-09T18:42:52.383205 #5156] DEBUG -- Pubnub::Event: Initialized Pubnub::Publish
D, [2023-03-09T18:42:52.385425 #5156] DEBUG -- Pubnub::Publish: Fired event Pubnub::Publish
D, [2023-03-09T18:42:52.385502 #5156] DEBUG -- Pubnub::Event: #send_request called
D, [2023-03-09T18:42:52.385677 #5156] DEBUG -- Pubnub::SingleEvent: #request_dispatcher called
D, [2023-03-09T18:42:52.385722 #5156] DEBUG -- Pubnub::Client: Looking for requester for async single_event
D, [2023-03-09T18:42:52.385921 #5156] DEBUG -- Pubnub::Event: #send_request got sender
D, [2023-03-09T18:42:52.390200 #5156] DEBUG -- Pubnub::Event: Requested URI: http://ps.pndsn.com/publish/pub-c-ebd529c1-b353-4bf0-ad9e-2cad24822c77/sub-c-59f77cc3-0318-40e5-9c19-3e6e16c9414d/0/recipe/0/%7B%22recipe%22%3A%7B%22id%22%3A175%2C%22title%22%3A%22New%20Recipe%22%2C%22image%22%3A%22%22%2C%22category%22%3A%22%22%2C%22origin%22%3A%22%22%2C%22directions%22%3A%22%22%2C%22ing1%22%3A%221%22%2C%22ing2%22%3A%22%22%2C%22ing3%22%3A%22%22%2C%22ing4%22%3A%22%22%2C%22ing5%22%3A%22%22%2C%22ing6%22%3A%22%22%2C%22ing7%22%3A%22%22%2C%22ing8%22%3A%22%22%2C%22ing9%22%3A%22%22%2C%22ing10%22%3A%22%22%2C%22ing11%22%3A%22%22%2C%22ing12%22%3A%22%22%2C%22ing13%22%3A%22%22%2C%22ing14%22%3A%22%22%2C%22ing15%22%3A%22%22%2C%22ing16%22%3A%22%22%2C%22ing17%22%3A%22%22%2C%22ing18%22%3A%22%22%2C%22ing19%22%3A%22%22%2C%22ing20%22%3A%22%22%2C%22meas1%22%3A%221%22%2C%22meas2%22%3A%22%22%2C%22meas3%22%3A%22%22%2C%22meas4%22%3A%22%22%2C%22meas5%22%3A%22%22%2C%22meas6%22%3A%22%22%2C%22meas7%22%3A%22%22%2C%22meas8%22%3A%22%22%2C%22meas9%22%3A%22%22%2C%22meas10%22%3A%22%22%2C%22meas11%22%3A%22%22%2C%22meas12%22%3A%22%22%2C%22meas13%22%3A%22%22%2C%22meas14%22%3A%22%22%2C%22meas15%22%3A%22%22%2C%22meas16%22%3A%22%22%2C%22meas17%22%3A%22%22%2C%22meas18%22%3A%22%22%2C%22meas19%22%3A%22%22%2C%22meas20%22%3A%22%22%2C%22created_at%22%3A%222023-03-10T00%3A42%3A52.370Z%22%2C%22updated_at%22%3A%222023-03-10T00%3A42%3A52.370Z%22%7D%7D?ortt=%7B%22t%22%3A16784089723832620%7D&pnsdk=PubNub-Ruby%2F5.2.1&seqn=1&uuid=myUniqueUUID
D, [2023-03-09T18:42:52.484950 #5156] DEBUG -- Pubnub::Event: Event#handle
D, [2023-03-09T18:42:52.485284 #5156] DEBUG -- Pubnub::Event: Firing callbacks for Pubnub::Publish
D, [2023-03-09T18:45:28.322454 #5156] DEBUG -- Pubnub::Telementry: Initialized Telemetry
D, [2023-03-09T18:45:28.322571 #5156] DEBUG -- Pubnub::Client: Created new Pubnub::Client instance. Version: 5.2.1
D, [2023-03-09T18:45:28.323241 #5156] DEBUG -- Pubnub::Telemetry: Fetching telemetry for l_pub
D, [2023-03-09T18:45:28.323514 #5156] DEBUG -- Pubnub::Event: Initialized Pubnub::Publish
D, [2023-03-09T18:45:28.324540 #5156] DEBUG -- Pubnub::Publish: Fired event Pubnub::Publish
D, [2023-03-09T18:45:28.324597 #5156] DEBUG -- Pubnub::Event: #send_request called
D, [2023-03-09T18:45:28.324621 #5156] DEBUG -- Pubnub::SingleEvent: #request_dispatcher called
D, [2023-03-09T18:45:28.325368 #5156] DEBUG -- Pubnub::Client: Looking for requester for async single_event
D, [2023-03-09T18:45:28.325663 #5156] DEBUG -- Pubnub::Event: #send_request got sender
D, [2023-03-09T18:45:28.326612 #5156] DEBUG -- Pubnub::Event: Requested URI: http://ps.pndsn.com/publish/pub-c-ebd529c1-b353-4bf0-ad9e-2cad24822c77/sub-c-59f77cc3-0318-40e5-9c19-3e6e16c9414d/0/recipe/0/%7B%22recipe%22%3A%7B%22id%22%3A176%2C%22title%22%3A%22Bean%20soup%22%2C%22image%22%3A%22%22%2C%22category%22%3A%22%22%2C%22origin%22%3A%22%22%2C%22directions%22%3A%22%22%2C%22ing1%22%3A%221%22%2C%22ing2%22%3A%22%22%2C%22ing3%22%3A%22%22%2C%22ing4%22%3A%22%22%2C%22ing5%22%3A%22%22%2C%22ing6%22%3A%22%22%2C%22ing7%22%3A%22%22%2C%22ing8%22%3A%22%22%2C%22ing9%22%3A%22%22%2C%22ing10%22%3A%22%22%2C%22ing11%22%3A%22%22%2C%22ing12%22%3A%22%22%2C%22ing13%22%3A%22%22%2C%22ing14%22%3A%22%22%2C%22ing15%22%3A%22%22%2C%22ing16%22%3A%22%22%2C%22ing17%22%3A%22%22%2C%22ing18%22%3A%22%22%2C%22ing19%22%3A%22%22%2C%22ing20%22%3A%22%22%2C%22meas1%22%3A%221%22%2C%22meas2%22%3A%22%22%2C%22meas3%22%3A%22%22%2C%22meas4%22%3A%22%22%2C%22meas5%22%3A%22%22%2C%22meas6%22%3A%22%22%2C%22meas7%22%3A%22%22%2C%22meas8%22%3A%22%22%2C%22meas9%22%3A%22%22%2C%22meas10%22%3A%22%22%2C%22meas11%22%3A%22%22%2C%22meas12%22%3A%22%22%2C%22meas13%22%3A%22%22%2C%22meas14%22%3A%22%22%2C%22meas15%22%3A%22%22%2C%22meas16%22%3A%22%22%2C%22meas17%22%3A%22%22%2C%22meas18%22%3A%22%22%2C%22meas19%22%3A%22%22%2C%22meas20%22%3A%22%22%2C%22created_at%22%3A%222023-03-10T00%3A45%3A28.307Z%22%2C%22updated_at%22%3A%222023-03-10T00%3A45%3A28.307Z%22%7D%7D?ortt=%7B%22t%22%3A16784091283235760%7D&pnsdk=PubNub-Ruby%2F5.2.1&seqn=1&uuid=myUniqueUUID
D, [2023-03-09T18:45:28.423821 #5156] DEBUG -- Pubnub::Event: Event#handle
D, [2023-03-09T18:45:28.424566 #5156] DEBUG -- Pubnub::Event: Firing callbacks for Pubnub::Publish
D, [2023-03-09T18:58:30.199009 #6469] DEBUG -- Pubnub::Telementry: Initialized Telemetry
D, [2023-03-09T18:58:30.199161 #6469] DEBUG -- Pubnub::Client: Created new Pubnub::Client instance. Version: 5.2.1
D, [2023-03-09T18:58:30.200648 #6469] DEBUG -- Pubnub::Telemetry: Fetching telemetry for l_pub
D, [2023-03-09T18:58:30.200834 #6469] DEBUG -- Pubnub::Event: Initialized Pubnub::Publish
D, [2023-03-09T18:58:30.201756 #6469] DEBUG -- Pubnub::Publish: Fired event Pubnub::Publish
D, [2023-03-09T18:58:30.201794 #6469] DEBUG -- Pubnub::Event: #send_request called
D, [2023-03-09T18:58:30.201816 #6469] DEBUG -- Pubnub::SingleEvent: #request_dispatcher called
D, [2023-03-09T18:58:30.201837 #6469] DEBUG -- Pubnub::Client: Looking for requester for async single_event
D, [2023-03-09T18:58:30.204149 #6469] DEBUG -- Pubnub::Event: #send_request got sender
D, [2023-03-09T18:58:30.208022 #6469] DEBUG -- Pubnub::Event: Requested URI: http://ps.pndsn.com/publish/pub-c-ebd529c1-b353-4bf0-ad9e-2cad24822c77/sub-c-59f77cc3-0318-40e5-9c19-3e6e16c9414d/0/recipe/0/%7B%22recipe%22%3A%7B%22id%22%3A177%2C%22title%22%3A%22new%20recipe%22%2C%22image%22%3A%22%22%2C%22category%22%3A%22%22%2C%22origin%22%3A%22%22%2C%22directions%22%3A%22%22%2C%22ing1%22%3A%221%22%2C%22ing2%22%3A%22%22%2C%22ing3%22%3A%22%22%2C%22ing4%22%3A%22%22%2C%22ing5%22%3A%22%22%2C%22ing6%22%3A%22%22%2C%22ing7%22%3A%22%22%2C%22ing8%22%3A%22%22%2C%22ing9%22%3A%22%22%2C%22ing10%22%3A%22%22%2C%22ing11%22%3A%22%22%2C%22ing12%22%3A%22%22%2C%22ing13%22%3A%22%22%2C%22ing14%22%3A%22%22%2C%22ing15%22%3A%22%22%2C%22ing16%22%3A%22%22%2C%22ing17%22%3A%22%22%2C%22ing18%22%3A%22%22%2C%22ing19%22%3A%22%22%2C%22ing20%22%3A%22%22%2C%22meas1%22%3A%221%22%2C%22meas2%22%3A%22%22%2C%22meas3%22%3A%22%22%2C%22meas4%22%3A%22%22%2C%22meas5%22%3A%22%22%2C%22meas6%22%3A%22%22%2C%22meas7%22%3A%22%22%2C%22meas8%22%3A%22%22%2C%22meas9%22%3A%22%22%2C%22meas10%22%3A%22%22%2C%22meas11%22%3A%22%22%2C%22meas12%22%3A%22%22%2C%22meas13%22%3A%22%22%2C%22meas14%22%3A%22%22%2C%22meas15%22%3A%22%22%2C%22meas16%22%3A%22%22%2C%22meas17%22%3A%22%22%2C%22meas18%22%3A%22%22%2C%22meas19%22%3A%22%22%2C%22meas20%22%3A%22%22%2C%22created_at%22%3A%222023-03-10T00%3A58%3A30.166Z%22%2C%22updated_at%22%3A%222023-03-10T00%3A58%3A30.166Z%22%7D%7D?ortt=%7B%22t%22%3A16784099102008950%7D&pnsdk=PubNub-Ruby%2F5.2.1&seqn=1&uuid=myUniqueUUID
D, [2023-03-09T18:58:30.355053 #6469] DEBUG -- Pubnub::Event: Event#handle
D, [2023-03-09T18:58:30.355228 #6469] DEBUG -- Pubnub::Event: Firing callbacks for Pubnub::Publish
D, [2023-03-10T08:20:32.479207 #6469] DEBUG -- Pubnub::Telementry: Initialized Telemetry
D, [2023-03-10T08:20:32.479326 #6469] DEBUG -- Pubnub::Client: Created new Pubnub::Client instance. Version: 5.2.1
D, [2023-03-10T08:20:32.479878 #6469] DEBUG -- Pubnub::Telemetry: Fetching telemetry for l_pub
D, [2023-03-10T08:20:32.480136 #6469] DEBUG -- Pubnub::Event: Initialized Pubnub::Publish
D, [2023-03-10T08:20:32.481201 #6469] DEBUG -- Pubnub::Publish: Fired event Pubnub::Publish
D, [2023-03-10T08:20:32.481483 #6469] DEBUG -- Pubnub::Event: #send_request called
D, [2023-03-10T08:20:32.482234 #6469] DEBUG -- Pubnub::SingleEvent: #request_dispatcher called
D, [2023-03-10T08:20:32.482308 #6469] DEBUG -- Pubnub::Client: Looking for requester for async single_event
D, [2023-03-10T08:20:32.482505 #6469] DEBUG -- Pubnub::Event: #send_request got sender
D, [2023-03-10T08:20:32.483945 #6469] DEBUG -- Pubnub::Event: Requested URI: http://ps.pndsn.com/publish/pub-c-ebd529c1-b353-4bf0-ad9e-2cad24822c77/sub-c-59f77cc3-0318-40e5-9c19-3e6e16c9414d/0/recipe/0/%7B%22recipe%22%3A%7B%22id%22%3A211%2C%22title%22%3A%22rice%22%2C%22image%22%3A%22%22%2C%22category%22%3A%22Side%22%2C%22origin%22%3A%22%22%2C%22directions%22%3A%22%22%2C%22ing1%22%3A%221%22%2C%22ing2%22%3A%22%22%2C%22ing3%22%3A%22%22%2C%22ing4%22%3A%22%22%2C%22ing5%22%3A%22%22%2C%22ing6%22%3A%22%22%2C%22ing7%22%3A%22%22%2C%22ing8%22%3A%22%22%2C%22ing9%22%3A%22%22%2C%22ing10%22%3A%22%22%2C%22ing11%22%3A%22%22%2C%22ing12%22%3A%22%22%2C%22ing13%22%3A%22%22%2C%22ing14%22%3A%22%22%2C%22ing15%22%3A%22%22%2C%22ing16%22%3A%22%22%2C%22ing17%22%3A%22%22%2C%22ing18%22%3A%22%22%2C%22ing19%22%3A%22%22%2C%22ing20%22%3A%22%22%2C%22meas1%22%3A%221%22%2C%22meas2%22%3A%22%22%2C%22meas3%22%3A%22%22%2C%22meas4%22%3A%22%22%2C%22meas5%22%3A%22%22%2C%22meas6%22%3A%22%22%2C%22meas7%22%3A%22%22%2C%22meas8%22%3A%22%22%2C%22meas9%22%3A%22%22%2C%22meas10%22%3A%22%22%2C%22meas11%22%3A%22%22%2C%22meas12%22%3A%22%22%2C%22meas13%22%3A%22%22%2C%22meas14%22%3A%22%22%2C%22meas15%22%3A%22%22%2C%22meas16%22%3A%22%22%2C%22meas17%22%3A%22%22%2C%22meas18%22%3A%22%22%2C%22meas19%22%3A%22%22%2C%22meas20%22%3A%22%22%2C%22created_at%22%3A%222023-03-10T14%3A20%3A32.467Z%22%2C%22updated_at%22%3A%222023-03-10T14%3A20%3A32.467Z%22%7D%7D?ortt=%7B%22t%22%3A16784580324802292%7D&pnsdk=PubNub-Ruby%2F5.2.1&seqn=1&uuid=myUniqueUUID
D, [2023-03-10T08:20:32.583177 #6469] DEBUG -- Pubnub::Event: Event#handle
D, [2023-03-10T08:20:32.583458 #6469] DEBUG -- Pubnub::Event: Firing callbacks for Pubnub::Publish
D, [2023-03-10T08:23:05.178682 #10674] DEBUG -- Pubnub::Telementry: Initialized Telemetry
D, [2023-03-10T08:23:05.178891 #10674] DEBUG -- Pubnub::Client: Created new Pubnub::Client instance. Version: 5.2.1
D, [2023-03-10T08:23:05.179485 #10674] DEBUG -- Pubnub::Telemetry: Fetching telemetry for l_pub
D, [2023-03-10T08:23:05.179661 #10674] DEBUG -- Pubnub::Event: Initialized Pubnub::Publish
D, [2023-03-10T08:23:05.181778 #10674] DEBUG -- Pubnub::Publish: Fired event Pubnub::Publish
D, [2023-03-10T08:23:05.181879 #10674] DEBUG -- Pubnub::Event: #send_request called
D, [2023-03-10T08:23:05.181912 #10674] DEBUG -- Pubnub::SingleEvent: #request_dispatcher called
D, [2023-03-10T08:23:05.181960 #10674] DEBUG -- Pubnub::Client: Looking for requester for async single_event
D, [2023-03-10T08:23:05.183372 #10674] DEBUG -- Pubnub::Event: #send_request got sender
D, [2023-03-10T08:23:05.187128 #10674] DEBUG -- Pubnub::Event: Requested URI: http://ps.pndsn.com/publish/pub-c-ebd529c1-b353-4bf0-ad9e-2cad24822c77/sub-c-59f77cc3-0318-40e5-9c19-3e6e16c9414d/0/recipe/0/%7B%22recipe%22%3A%7B%22id%22%3A212%2C%22title%22%3A%22rice%22%2C%22image%22%3A%22%22%2C%22category%22%3A%22Breakfast%22%2C%22origin%22%3A%22thailand%22%2C%22directions%22%3A%22%22%2C%22ing1%22%3A%223%22%2C%22ing2%22%3A%22%22%2C%22ing3%22%3A%22%22%2C%22ing4%22%3A%22%22%2C%22ing5%22%3A%22%22%2C%22ing6%22%3A%22%22%2C%22ing7%22%3A%22%22%2C%22ing8%22%3A%22%22%2C%22ing9%22%3A%22%22%2C%22ing10%22%3A%22%22%2C%22ing11%22%3A%22%22%2C%22ing12%22%3A%22%22%2C%22ing13%22%3A%22%22%2C%22ing14%22%3A%22%22%2C%22ing15%22%3A%22%22%2C%22ing16%22%3A%22%22%2C%22ing17%22%3A%22%22%2C%22ing18%22%3A%22%22%2C%22ing19%22%3A%22%22%2C%22ing20%22%3A%22%22%2C%22meas1%22%3A%223%22%2C%22meas2%22%3A%22%22%2C%22meas3%22%3A%22%22%2C%22meas4%22%3A%22%22%2C%22meas5%22%3A%22%22%2C%22meas6%22%3A%22%22%2C%22meas7%22%3A%22%22%2C%22meas8%22%3A%22%22%2C%22meas9%22%3A%22%22%2C%22meas10%22%3A%22%22%2C%22meas11%22%3A%22%22%2C%22meas12%22%3A%22%22%2C%22meas13%22%3A%22%22%2C%22meas14%22%3A%22%22%2C%22meas15%22%3A%22%22%2C%22meas16%22%3A%22%22%2C%22meas17%22%3A%22%22%2C%22meas18%22%3A%22%22%2C%22meas19%22%3A%22%22%2C%22meas20%22%3A%22%22%2C%22created_at%22%3A%222023-03-10T14%3A23%3A05.166Z%22%2C%22updated_at%22%3A%222023-03-10T14%3A23%3A05.166Z%22%7D%7D?ortt=%7B%22t%22%3A16784581851796980%7D&pnsdk=PubNub-Ruby%2F5.2.1&seqn=1&uuid=myUniqueUUID
D, [2023-03-10T08:23:05.287641 #10674] DEBUG -- Pubnub::Event: Event#handle
D, [2023-03-10T08:23:05.287815 #10674] DEBUG -- Pubnub::Event: Firing callbacks for Pubnub::Publish
D, [2023-03-10T10:43:16.681096 #10674] DEBUG -- Pubnub::Telementry: Initialized Telemetry
D, [2023-03-10T10:43:16.682273 #10674] DEBUG -- Pubnub::Client: Created new Pubnub::Client instance. Version: 5.2.1
D, [2023-03-10T10:43:16.682738 #10674] DEBUG -- Pubnub::Telemetry: Fetching telemetry for l_pub
D, [2023-03-10T10:43:16.682980 #10674] DEBUG -- Pubnub::Event: Initialized Pubnub::Publish
D, [2023-03-10T10:43:16.686058 #10674] DEBUG -- Pubnub::Publish: Fired event Pubnub::Publish
D, [2023-03-10T10:43:16.686151 #10674] DEBUG -- Pubnub::Event: #send_request called
D, [2023-03-10T10:43:16.686334 #10674] DEBUG -- Pubnub::SingleEvent: #request_dispatcher called
D, [2023-03-10T10:43:16.686372 #10674] DEBUG -- Pubnub::Client: Looking for requester for async single_event
D, [2023-03-10T10:43:16.686610 #10674] DEBUG -- Pubnub::Event: #send_request got sender
D, [2023-03-10T10:43:16.687522 #10674] DEBUG -- Pubnub::Event: Requested URI: http://ps.pndsn.com/publish/pub-c-ebd529c1-b353-4bf0-ad9e-2cad24822c77/sub-c-59f77cc3-0318-40e5-9c19-3e6e16c9414d/0/recipe/0/%7B%22recipe%22%3A%7B%22id%22%3A213%2C%22title%22%3A%22sunflower%22%2C%22image%22%3A%22%22%2C%22category%22%3A%22Starter%22%2C%22origin%22%3A%22%22%2C%22directions%22%3A%22%22%2C%22ing1%22%3A%22sunflower%20seeds%22%2C%22ing2%22%3A%22%22%2C%22ing3%22%3A%22%22%2C%22ing4%22%3A%22%22%2C%22ing5%22%3A%22%22%2C%22ing6%22%3A%22%22%2C%22ing7%22%3A%22%22%2C%22ing8%22%3A%22%22%2C%22ing9%22%3A%22%22%2C%22ing10%22%3A%22%22%2C%22ing11%22%3A%22%22%2C%22ing12%22%3A%22%22%2C%22ing13%22%3A%22%22%2C%22ing14%22%3A%22%22%2C%22ing15%22%3A%22%22%2C%22ing16%22%3A%22%22%2C%22ing17%22%3A%22%22%2C%22ing18%22%3A%22%22%2C%22ing19%22%3A%22%22%2C%22ing20%22%3A%22%22%2C%22meas1%22%3A%221%20cup%22%2C%22meas2%22%3A%22%22%2C%22meas3%22%3A%22%22%2C%22meas4%22%3A%22%22%2C%22meas5%22%3A%22%22%2C%22meas6%22%3A%22%22%2C%22meas7%22%3A%22%22%2C%22meas8%22%3A%22%22%2C%22meas9%22%3A%22%22%2C%22meas10%22%3A%22%22%2C%22meas11%22%3A%22%22%2C%22meas12%22%3A%22%22%2C%22meas13%22%3A%22%22%2C%22meas14%22%3A%22%22%2C%22meas15%22%3A%22%22%2C%22meas16%22%3A%22%22%2C%22meas17%22%3A%22%22%2C%22meas18%22%3A%22%22%2C%22meas19%22%3A%22%22%2C%22meas20%22%3A%22%22%2C%22created_at%22%3A%222023-03-10T16%3A43%3A16.666Z%22%2C%22updated_at%22%3A%222023-03-10T16%3A43%3A16.666Z%22%7D%7D?ortt=%7B%22t%22%3A16784665966830170%7D&pnsdk=PubNub-Ruby%2F5.2.1&seqn=1&uuid=myUniqueUUID
D, [2023-03-10T10:43:16.797204 #10674] DEBUG -- Pubnub::Event: Event#handle
D, [2023-03-10T10:43:16.797407 #10674] DEBUG -- Pubnub::Event: Firing callbacks for Pubnub::Publish
